2024-11-22 00:09:12.500 | SUCCESS  | nonebot:handle_event:535 - OneBot V11 3247591708 | [message.private.friend]: Message 1615493203 from 2559815776 '.jrrp'
2024-11-22 00:09:12.509 | INFO     | nonebot:_run_matcher:435 - Event will be handled by Matcher(type='message', module=nonebot_plugin_jrrp2, lineno=105)
2024-11-22 00:09:12.836 | INFO     | nonebot:simple_run:846 - Matcher(type='message', module=nonebot_plugin_jrrp2, lineno=105) running complete
2024-11-22 00:09:51.600 | SUCCESS  | nonebot:handle_event:535 - OneBot V11 3247591708 | [message.group.normal]: Message 620308735 from 2559815776@[群:1042164649] '.jrrp'
2024-11-22 00:09:51.608 | INFO     | nonebot:_run_matcher:435 - Event will be handled by Matcher(type='message', module=nonebot_plugin_jrrp2, lineno=105)
2024-11-22 00:09:51.996 | INFO     | nonebot:simple_run:846 - Matcher(type='message', module=nonebot_plugin_jrrp2, lineno=105) running complete
2024-11-22 00:09:58.325 | SUCCESS  | nonebot:handle_event:535 - OneBot V11 3247591708 | [message.group.normal]: Message 297805189 from 2559815776@[群:1042164649] '[image:summary=[动画表情],file=000001484e61704361744f6e65426f747c4d736746696c657c327c3130343231363...,sub_type=1,file_id=000001484e61704361744f6e65426f747c4d736746696c657c327c3130343231363...,url=https://multimedia.nt.qq.com.cn/download?appid=1407&fileid=EhQ5ns4Z...,file_size=96110,file_unique=d0f16bdc6ad199d2de6524af7ba61a54]'
2024-11-22 00:11:51.815 | SUCCESS  | nonebot:handle_event:535 - OneBot V11 3247591708 | [message.group.normal]: Message 958361607 from 2079400163@[群:1042164649] '.jrrp'
2024-11-22 00:11:51.825 | INFO     | nonebot:_run_matcher:435 - Event will be handled by Matcher(type='message', module=nonebot_plugin_jrrp2, lineno=105)
2024-11-22 00:11:52.227 | INFO     | nonebot:simple_run:846 - Matcher(type='message', module=nonebot_plugin_jrrp2, lineno=105) running complete
2024-11-22 00:11:56.576 | SUCCESS  | nonebot:handle_event:535 - OneBot V11 3247591708 | [message.group.normal]: Message 319459534 from 2079400163@[群:1042164649] '凭什么'
2024-11-22 00:12:06.524 | SUCCESS  | nonebot:handle_event:535 - OneBot V11 3247591708 | [message.group.normal]: Message 773373122 from 2079400163@[群:1042164649] '[image:summary=[动画表情],file=000001484e61704361744f6e65426f747c4d736746696c657c327c3130343231363...,sub_type=1,file_id=000001484e61704361744f6e65426f747c4d736746696c657c327c3130343231363...,url=https://multimedia.nt.qq.com.cn/download?appid=1407&fileid=EhRVVgqq...,file_size=20033,file_unique=36910f68939da05a8f87d24516c84e6f]'
2024-11-22 00:15:51.775 | SUCCESS  | nonebot:handle_event:535 - OneBot V11 3247591708 | [message.group.normal]: Message 1470421937 from 2641283261@[群:1042164649] '.jrrp'
2024-11-22 00:15:51.783 | INFO     | nonebot:_run_matcher:435 - Event will be handled by Matcher(type='message', module=nonebot_plugin_jrrp2, lineno=105)
2024-11-22 00:15:52.174 | INFO     | nonebot:simple_run:846 - Matcher(type='message', module=nonebot_plugin_jrrp2, lineno=105) running complete
2024-11-22 00:15:56.864 | SUCCESS  | nonebot:handle_event:535 - OneBot V11 3247591708 | [message.group.normal]: Message 694996122 from 2641283261@[群:1042164649] '磨叽'
2024-11-22 00:16:05.840 | SUCCESS  | nonebot:handle_event:535 - OneBot V11 3247591708 | [message.group.normal]: Message 382338942 from 2641283261@[群:1042164649] '[image:summary=[动画表情],file=000001484e61704361744f6e65426f747c4d736746696c657c327c3130343231363...,sub_type=1,file_id=000001484e61704361744f6e65426f747c4d736746696c657c327c3130343231363...,url=https://multimedia.nt.qq.com.cn/download?appid=1407&fileid=EhTuwVF8...,file_size=20592,file_unique=825588da736b009d820958c50a9c7257]'
2024-11-22 00:16:07.510 | SUCCESS  | nonebot:handle_event:535 - OneBot V11 3247591708 | [message.group.normal]: Message 1501318622 from 2079400163@[群:1042164649] '呜哇'
2024-11-22 00:28:09.781 | SUCCESS  | nonebot:handle_event:535 - OneBot V11 3247591708 | [message.group.normal]: Message 280847550 from 1787227821@[群:1042164649] '.jrrp'
2024-11-22 00:28:09.788 | INFO     | nonebot:_run_matcher:435 - Event will be handled by Matcher(type='message', module=nonebot_plugin_jrrp2, lineno=105)
2024-11-22 00:28:10.221 | INFO     | nonebot:simple_run:846 - Matcher(type='message', module=nonebot_plugin_jrrp2, lineno=105) running complete
2024-11-22 00:28:37.314 | SUCCESS  | nonebot:handle_event:535 - OneBot V11 3247591708 | [message.group.normal]: Message 638264532 from 1787227821@[群:1042164649] '逐级递减'
2024-11-22 00:28:40.623 | SUCCESS  | nonebot:handle_event:535 - OneBot V11 3247591708 | [message.group.normal]: Message 252139422 from 1787227821@[群:1042164649] '[image:summary=[/冷汗],file=000001444e61704361744f6e65426f747c4d736746696c657c327c3130343231363...,sub_type=7,file_id=000001444e61704361744f6e65426f747c4d736746696c657c327c3130343231363...,url=https://multimedia.nt.qq.com.cn/download?appid=1407&fileid=EhT_91LO...,file_size=1783,file_unique=7b79cbcdc4c4b1ba3d3acf8cdf228c40]'
2024-11-22 00:28:43.222 | SUCCESS  | nonebot:handle_event:535 - OneBot V11 3247591708 | [message.group.normal]: Message 462416285 from 2641283261@[群:1042164649] '十一月对我好一点'
2024-11-22 00:28:54.691 | SUCCESS  | nonebot:handle_event:535 - OneBot V11 3247591708 | [message.group.normal]: Message 1662238700 from 2079400163@[群:1042164649] '真的吗'
2024-11-22 00:29:02.763 | SUCCESS  | nonebot:handle_event:535 - OneBot V11 3247591708 | [message.group.normal]: Message 1746060823 from 2079400163@[群:1042164649] '2025对我好一点'
2024-11-22 00:29:12.318 | SUCCESS  | nonebot:handle_event:535 - OneBot V11 3247591708 | [message.group.normal]: Message 1043624809 from 2079400163@[群:1042164649] '。22世纪对我好一点'
2024-11-22 00:29:14.635 | SUCCESS  | nonebot:handle_event:535 - OneBot V11 3247591708 | [message.group.normal]: Message 1944781761 from 2079400163@[群:1042164649] '[image:summary=[动画表情],file=000001484e61704361744f6e65426f747c4d736746696c657c327c3130343231363...,sub_type=1,file_id=000001484e61704361744f6e65426f747c4d736746696c657c327c3130343231363...,url=https://multimedia.nt.qq.com.cn/download?appid=1407&fileid=EhRVVgqq...,file_size=20033,file_unique=36910f68939da05a8f87d24516c84e6f]'
2024-11-22 00:29:18.764 | SUCCESS  | nonebot:handle_event:535 - OneBot V11 3247591708 | [message.group.normal]: Message 413888755 from 1787227821@[群:1042164649] '下辈子对我好一点'
2024-11-22 00:29:25.882 | SUCCESS  | nonebot:handle_event:535 - OneBot V11 3247591708 | [message.group.normal]: Message 558521873 from 1787227821@[群:1042164649] '[image:summary=[动画表情],file=000001484e61704361744f6e65426f747c4d736746696c657c327c3130343231363...,sub_type=1,file_id=000001484e61704361744f6e65426f747c4d736746696c657c327c3130343231363...,url=https://multimedia.nt.qq.com.cn/download?appid=1407&fileid=EhQGgM2q...,file_size=274086,file_unique=b97643fdbb6ae004003c0be2d19c92e3]'
2024-11-22 00:34:48.745 | SUCCESS  | nonebot:handle_event:535 - OneBot V11 3247591708 | [message.private.friend]: Message 5465049 from 2559815776 '.clock.set 19:00 刘璐璐'
2024-11-22 00:34:48.753 | INFO     | nonebot:_run_matcher:435 - Event will be handled by Matcher(type='message', module=nonebot_plugin_clock, lineno=21)
2024-11-22 00:34:49.087 | INFO     | nonebot:simple_run:846 - Matcher(type='message', module=nonebot_plugin_clock, lineno=21) running complete
2024-11-22 00:34:57.058 | SUCCESS  | nonebot:handle_event:535 - OneBot V11 3247591708 | [message.private.friend]: Message 606589915 from 2559815776 '1'
2024-11-22 00:34:57.060 | INFO     | nonebot:_run_matcher:435 - Event will be handled by Matcher(type='message', module=nonebot_plugin_clock, lineno=21)
2024-11-22 00:34:57.408 | INFO     | nonebot:simple_run:846 - Matcher(type='message', module=nonebot_plugin_clock, lineno=21) running complete
2024-11-22 00:35:08.096 | SUCCESS  | nonebot:handle_event:535 - OneBot V11 3247591708 | [message.private.friend]: Message 149535814 from 2559815776 '.clock.checl'
2024-11-22 00:35:15.587 | SUCCESS  | nonebot:handle_event:535 - OneBot V11 3247591708 | [message.private.friend]: Message 1118653109 from 2559815776 '.clock.check'
2024-11-22 00:35:15.596 | INFO     | nonebot:_run_matcher:435 - Event will be handled by Matcher(type='message', module=nonebot_plugin_clock, lineno=22)
2024-11-22 00:35:15.929 | INFO     | nonebot:simple_run:846 - Matcher(type='message', module=nonebot_plugin_clock, lineno=22) running complete
2024-11-22 00:35:27.763 | SUCCESS  | nonebot:handle_event:535 - OneBot V11 3247591708 | [message.private.friend]: Message 226465710 from 2559815776 '.clock.del 2'
2024-11-22 00:35:27.767 | INFO     | nonebot:_run_matcher:435 - Event will be handled by Matcher(type='message', module=nonebot_plugin_clock, lineno=20)
2024-11-22 00:35:28.121 | INFO     | nonebot:simple_run:846 - Matcher(type='message', module=nonebot_plugin_clock, lineno=20) running complete
2024-11-22 00:35:34.604 | SUCCESS  | nonebot:handle_event:535 - OneBot V11 3247591708 | [message.private.friend]: Message 111025563 from 2559815776 '.clock.check'
2024-11-22 00:35:34.615 | INFO     | nonebot:_run_matcher:435 - Event will be handled by Matcher(type='message', module=nonebot_plugin_clock, lineno=22)
2024-11-22 00:35:34.945 | INFO     | nonebot:simple_run:846 - Matcher(type='message', module=nonebot_plugin_clock, lineno=22) running complete
2024-11-22 00:36:00.456 | SUCCESS  | nonebot:handle_event:535 - OneBot V11 3247591708 | [message.group.normal]: Message 1315870936 from 2559815776@[群:1042164649] '[image:summary=[动画表情],file=000001484e61704361744f6e65426f747c4d736746696c657c327c3130343231363...,sub_type=1,file_id=000001484e61704361744f6e65426f747c4d736746696c657c327c3130343231363...,url=https://multimedia.nt.qq.com.cn/download?appid=1407&fileid=EhSN20i6...,file_size=375426,file_unique=2f820164a8dea08589a5a376979f5bf7]'
2024-11-22 00:39:09.213 | SUCCESS  | nonebot:handle_event:535 - OneBot V11 3247591708 | [message.group.normal]: Message 413056187 from 2079400163@[群:1042164649] '[image:summary=[动画表情],file=000001484e61704361744f6e65426f747c4d736746696c657c327c3130343231363...,sub_type=1,file_id=000001484e61704361744f6e65426f747c4d736746696c657c327c3130343231363...,url=https://multimedia.nt.qq.com.cn/download?appid=1407&fileid=EhT8jqAF...,file_size=249285,file_unique=2f721625c4fce347afa34407ded3b64e]'
2024-11-22 07:14:23.201 | SUCCESS  | nonebot:handle_event:535 - OneBot V11 3247591708 | [message.private.friend]: Message 1860722994 from 2559815776 '.jrrp'
2024-11-22 07:14:23.209 | INFO     | nonebot:_run_matcher:435 - Event will be handled by Matcher(type='message', module=nonebot_plugin_jrrp2, lineno=105)
2024-11-22 07:14:23.525 | INFO     | nonebot:simple_run:846 - Matcher(type='message', module=nonebot_plugin_jrrp2, lineno=105) running complete
2024-11-22 08:07:00.463 | INFO     | nonebot_plugin_leetcode2:send_leetcode_everyday:229 - [LC查询] 获取每日一题成功，题目为find-the-count-of-numbers-which-are-not-special.
2024-11-22 08:07:00.993 | INFO     | nonebot_plugin_leetcode2:send_leetcode_everyday:231 - [LC查询] 获取题目内容成功。
2024-11-22 08:08:08.344 | SUCCESS  | nonebot:handle_event:535 - OneBot V11 3247591708 | [message.private.friend]: Message 2139755383 from 2559815776 '[json:data={"app":"com.tencent.qun.invite","config":{"autosize":0,"ctime":1732...]'
2024-11-22 08:08:08.358 | SUCCESS  | nonebot:handle_event:535 - OneBot V11 3247591708 | [message.private.friend]: Message 1605024259 from 2559815776 ''
2024-11-22 08:08:08.964 | SUCCESS  | nonebot:handle_event:535 - OneBot V11 3247591708 | [request.group.invite]: {'time': 1732234088, 'self_id': 3247591708, 'post_type': 'request', 'request_type': 'group', 'sub_type': 'invite', 'group_id': 293814211, 'user_id': 2559815776, 'flag': '293814211|1732234085884663|1', 'comment': ''}
2024-11-22 08:08:09.513 | SUCCESS  | nonebot:handle_event:535 - OneBot V11 3247591708 | [message.private.friend]: Message 463141048 from 2559815776 '[json:data={"app":"com.tencent.qun.invite","config":{"autosize":0,"ctime":1732...]'
2024-11-22 08:08:09.530 | SUCCESS  | nonebot:handle_event:535 - OneBot V11 3247591708 | [message.private.friend]: Message 1687686894 from 2559815776 ''
2024-11-22 08:08:10.022 | SUCCESS  | nonebot:handle_event:535 - OneBot V11 3247591708 | [request.group.invite]: {'time': 1732234090, 'self_id': 3247591708, 'post_type': 'request', 'request_type': 'group', 'sub_type': 'invite', 'group_id': 293814211, 'user_id': 2559815776, 'flag': '293814211|1732234086994236|1', 'comment': ''}
